Your Athena++ distribution has now been configured with the following options:
  Problem generator:       testcr
  Coordinate system:       cartesian
  Equation of state:       adiabatic
  Riemann solver:          hlld
  Reconstruction method:   plm
  Hydro integrator:        vl2
  Magnetic fields:         ON
  Special relativity:      OFF
  General relativity:      OFF
  Frame transformations:   OFF
  Debug flags:             OFF
  Linker flags:             
  MPI parallelism:         ON
  OpenMP parallelism:      OFF
  HDF5 output:             OFF
  Radiative Transfer:      OFF
  Cosmic Ray Transfer:     ON
  Compiler:                g++
  Compilation command:     mpicxx  -O3
